OpenLink Virtuoso Interactive SQL (Virtuoso)
Version 07.20.3229 as of Feb 14 2020
Type HELP; for help and EXIT; to exit.
Connected to OpenLink Virtuoso
Driver: 07.20.3229 OpenLink Virtuoso ODBC Driver
SQL> 
Done. -- 1 msec.
SQL> 
Done. -- 31790 msec.
SQL> 
Done. -- 6 msec.
SQL> 
Done. -- 11222 msec.
SQL> 
Done. -- 274 msec.
SQL> 
Done. -- 1 msec.
SQL> OpenLink Virtuoso Interactive SQL (Virtuoso)
Version 07.20.3229 as of Feb 14 2020
Type HELP; for help and EXIT; to exit.
Connected to OpenLink Virtuoso
Driver: 07.20.3229 OpenLink Virtuoso ODBC Driver
SQL> 
Done. -- 0 msec.
SQL> 
Done. -- 31434 msec.
SQL> 
Done. -- 6 msec.
SQL> 
Done. -- 13225 msec.
SQL> 
Done. -- 278 msec.
SQL> 
Done. -- 1 msec.
SQL> OpenLink Virtuoso Interactive SQL (Virtuoso)
Version 07.20.3229 as of Feb 14 2020
Type HELP; for help and EXIT; to exit.
Connected to OpenLink Virtuoso
Driver: 07.20.3229 OpenLink Virtuoso ODBC Driver
SQL> 
Done. -- 1 msec.
SQL> 
Done. -- 32054 msec.
SQL> 
Done. -- 6 msec.
SQL> 
Done. -- 13233 msec.
SQL> 
Done. -- 274 msec.
SQL> 
Done. -- 1 msec.
SQL> OpenLink Virtuoso Interactive SQL (Virtuoso)
Version 07.20.3229 as of Feb 14 2020
Type HELP; for help and EXIT; to exit.
Connected to OpenLink Virtuoso
Driver: 07.20.3229 OpenLink Virtuoso ODBC Driver
SQL> 
Done. -- 0 msec.
SQL> 
Done. -- 35297 msec.
SQL> 
Done. -- 11 msec.
SQL> 
Done. -- 18333 msec.
SQL> 
Done. -- 414 msec.
SQL> 
Done. -- 2 msec.
SQL> OpenLink Virtuoso Interactive SQL (Virtuoso)
Version 07.20.3229 as of Feb 14 2020
Type HELP; for help and EXIT; to exit.
Connected to OpenLink Virtuoso
Driver: 07.20.3229 OpenLink Virtuoso ODBC Driver
SQL> 
Done. -- 1 msec.
SQL> 
Done. -- 67171 msec.
SQL> 
Done. -- 9 msec.
SQL> 
Done. -- 14014 msec.
SQL> 
Done. -- 313 msec.
SQL> 
Done. -- 2 msec.
SQL> OpenLink Virtuoso Interactive SQL (Virtuoso)
Version 07.20.3229 as of Feb 14 2020
Type HELP; for help and EXIT; to exit.
Connected to OpenLink Virtuoso
Driver: 07.20.3229 OpenLink Virtuoso ODBC Driver
SQL> 
Done. -- 0 msec.
SQL> 
Done. -- 31866 msec.
SQL> 
Done. -- 6 msec.
SQL> 
Done. -- 11203 msec.
SQL> 
Done. -- 276 msec.
SQL> 
Done. -- 1 msec.
SQL> OpenLink Virtuoso Interactive SQL (Virtuoso)
Version 07.20.3229 as of Feb 14 2020
Type HELP; for help and EXIT; to exit.
Connected to OpenLink Virtuoso
Driver: 07.20.3229 OpenLink Virtuoso ODBC Driver
SQL> 
Done. -- 0 msec.
SQL> 
Done. -- 32124 msec.
SQL> 
Done. -- 6 msec.
SQL> 
Done. -- 13234 msec.
SQL> 
Done. -- 272 msec.
SQL> 
Done. -- 0 msec.
SQL> OpenLink Virtuoso Interactive SQL (Virtuoso)
Version 07.20.3229 as of Feb 14 2020
Type HELP; for help and EXIT; to exit.
Connected to OpenLink Virtuoso
Driver: 07.20.3229 OpenLink Virtuoso ODBC Driver
SQL> 
Done. -- 0 msec.
SQL> 
Done. -- 32066 msec.
SQL> 
Done. -- 5 msec.
SQL> 
Done. -- 13174 msec.
SQL> 
Done. -- 269 msec.
SQL> 
Done. -- 1 msec.
SQL> OpenLink Virtuoso Interactive SQL (Virtuoso)
Version 07.20.3229 as of Feb 14 2020
Type HELP; for help and EXIT; to exit.
Connected to OpenLink Virtuoso
Driver: 07.20.3229 OpenLink Virtuoso ODBC Driver
SQL> 
Done. -- 0 msec.
SQL> 
Done. -- 32667 msec.
SQL> 
Done. -- 6 msec.
SQL> 
Done. -- 14303 msec.
SQL> 
Done. -- 296 msec.
SQL> 
Done. -- 1 msec.
SQL> OpenLink Virtuoso Interactive SQL (Virtuoso)
Version 07.20.3229 as of Feb 14 2020
Type HELP; for help and EXIT; to exit.
Connected to OpenLink Virtuoso
Driver: 07.20.3229 OpenLink Virtuoso ODBC Driver
SQL> 
Done. -- 1 msec.
SQL> 
Done. -- 32857 msec.
SQL> 
Done. -- 6 msec.
SQL> 
Done. -- 14206 msec.
SQL> 
Done. -- 340 msec.
SQL> 
Done. -- 1 msec.
SQL> OpenLink Virtuoso Interactive SQL (Virtuoso)
Version 07.20.3229 as of Feb 14 2020
Type HELP; for help and EXIT; to exit.
Connected to OpenLink Virtuoso
Driver: 07.20.3229 OpenLink Virtuoso ODBC Driver
SQL> 
Done. -- 1 msec.
SQL> 
Done. -- 32494 msec.
SQL> 
Done. -- 6 msec.
SQL> 
Done. -- 13216 msec.
SQL> 
Done. -- 276 msec.
SQL> 
Done. -- 0 msec.
SQL> OpenLink Virtuoso Interactive SQL (Virtuoso)
Version 07.20.3229 as of Feb 14 2020
Type HELP; for help and EXIT; to exit.
Connected to OpenLink Virtuoso
Driver: 07.20.3229 OpenLink Virtuoso ODBC Driver
SQL> 
Done. -- 1 msec.
SQL> 
Done. -- 1 msec.
SQL> 
Done. -- 3 msec.
SQL> 
Done. -- 1624 msec.
SQL> 
Done. -- 156436 msec.
SQL> 
Done. -- 476 msec.
SQL> 
Done. -- 114 msec.
SQL> OpenLink Virtuoso Interactive SQL (Virtuoso)
Version 07.20.3229 as of Feb 14 2020
Type HELP; for help and EXIT; to exit.
Connected to OpenLink Virtuoso
Driver: 07.20.3229 OpenLink Virtuoso ODBC Driver
SQL> 
Done. -- 0 msec.
SQL> 
Done. -- 393 msec.
SQL> 
Done. -- 0 msec.
SQL> 
Done. -- 57 msec.
SQL> 
Done. -- 7880 msec.
SQL> 
Done. -- 279 msec.
SQL> 
Done. -- 4 msec.
SQL> OpenLink Virtuoso Interactive SQL (Virtuoso)
Version 07.20.3229 as of Feb 14 2020
Type HELP; for help and EXIT; to exit.
Connected to OpenLink Virtuoso
Driver: 07.20.3229 OpenLink Virtuoso ODBC Driver
SQL> 
Done. -- 1 msec.
SQL> 
Done. -- 2 msec.
SQL> 
Done. -- 4 msec.
SQL> 
Done. -- 252 msec.
SQL> 
Done. -- 19350 msec.
SQL> 
Done. -- 474 msec.
SQL> 
Done. -- 18 msec.
SQL> OpenLink Virtuoso Interactive SQL (Virtuoso)
Version 07.20.3229 as of Feb 14 2020
Type HELP; for help and EXIT; to exit.
Connected to OpenLink Virtuoso
Driver: 07.20.3229 OpenLink Virtuoso ODBC Driver
SQL> 
Done. -- 1 msec.
SQL> 
Done. -- 441 msec.
SQL> 
Done. -- 5 msec.
SQL> 
Done. -- 259 msec.
SQL> 
Done. -- 20429 msec.
SQL> 
Done. -- 598 msec.
SQL> 
Done. -- 18 msec.
SQL> OpenLink Virtuoso Interactive SQL (Virtuoso)
Version 07.20.3229 as of Feb 14 2020
Type HELP; for help and EXIT; to exit.
Connected to OpenLink Virtuoso
Driver: 07.20.3229 OpenLink Virtuoso ODBC Driver
SQL> 
Done. -- 0 msec.
SQL> 
Done. -- 2 msec.
SQL> 
Done. -- 1 msec.
SQL> 
Done. -- 2 msec.
SQL> 
Done. -- 255 msec.
SQL> 
Done. -- 292 msec.
SQL> 
Done. -- 0 msec.
SQL> OpenLink Virtuoso Interactive SQL (Virtuoso)
Version 07.20.3229 as of Feb 14 2020
Type HELP; for help and EXIT; to exit.
Connected to OpenLink Virtuoso
Driver: 07.20.3229 OpenLink Virtuoso ODBC Driver
SQL> 
Done. -- 0 msec.
SQL> 
Done. -- 1 msec.
SQL> 
Done. -- 2 msec.
SQL> 
Done. -- 100 msec.
SQL> 
Done. -- 10191 msec.
SQL> 
Done. -- 533 msec.
SQL> 
Done. -- 7 msec.
SQL> OpenLink Virtuoso Interactive SQL (Virtuoso)
Version 07.20.3229 as of Feb 14 2020
Type HELP; for help and EXIT; to exit.
Connected to OpenLink Virtuoso
Driver: 07.20.3229 OpenLink Virtuoso ODBC Driver
SQL> 
Done. -- 0 msec.
SQL> 
Done. -- 381 msec.
SQL> 
Done. -- 1 msec.
SQL> 
Done. -- 236 msec.
SQL> 
Done. -- 25514 msec.
SQL> 
Done. -- 475 msec.
SQL> 
Done. -- 17 msec.
SQL> OpenLink Virtuoso Interactive SQL (Virtuoso)
Version 07.20.3229 as of Feb 14 2020
Type HELP; for help and EXIT; to exit.
Connected to OpenLink Virtuoso
Driver: 07.20.3229 OpenLink Virtuoso ODBC Driver
SQL> 
Done. -- 1 msec.
SQL> 
Done. -- 414 msec.
SQL> 
Done. -- 1 msec.
SQL> 
Done. -- 29 msec.
SQL> 
Done. -- 2408 msec.
SQL> 
Done. -- 434 msec.
SQL> 
Done. -- 2 msec.
SQL> OpenLink Virtuoso Interactive SQL (Virtuoso)
Version 07.20.3229 as of Feb 14 2020
Type HELP; for help and EXIT; to exit.
Connected to OpenLink Virtuoso
Driver: 07.20.3229 OpenLink Virtuoso ODBC Driver
SQL> 
Done. -- 1 msec.
SQL> 
Done. -- 1 msec.
SQL> 
Done. -- 9 msec.
SQL> 
Done. -- 659 msec.
SQL> 
Done. -- 74320 msec.
SQL> 
Done. -- 806 msec.
SQL> 
Done. -- 47 msec.
SQL> OpenLink Virtuoso Interactive SQL (Virtuoso)
Version 07.20.3229 as of Feb 14 2020
Type HELP; for help and EXIT; to exit.
Connected to OpenLink Virtuoso
Driver: 07.20.3229 OpenLink Virtuoso ODBC Driver
SQL> 
Done. -- 1 msec.
SQL> 
Done. -- 758 msec.
SQL> 
Done. -- 1 msec.
SQL> 
Done. -- 52 msec.
SQL> 
Done. -- 7706 msec.
SQL> 
Done. -- 647 msec.
SQL> 
Done. -- 4 msec.
SQL> OpenLink Virtuoso Interactive SQL (Virtuoso)
Version 07.20.3229 as of Feb 14 2020
Type HELP; for help and EXIT; to exit.
Connected to OpenLink Virtuoso
Driver: 07.20.3229 OpenLink Virtuoso ODBC Driver
SQL> 
Done. -- 1 msec.
SQL> 
Done. -- 1 msec.
SQL> 
Done. -- 10 msec.
SQL> 
Done. -- 570 msec.
SQL> 
Done. -- 78200 msec.
SQL> 
Done. -- 795 msec.
SQL> 
Done. -- 40 msec.
SQL> 