OpenLink Virtuoso Interactive SQL (Virtuoso)
Version 07.20.3229 as of Feb 14 2020
Type HELP; for help and EXIT; to exit.
Connected to OpenLink Virtuoso
Driver: 07.20.3229 OpenLink Virtuoso ODBC Driver
SQL> 
Done. -- 12 msec.
SQL> 
Done. -- 9 msec.
SQL> 
Done. -- 2 msec.
SQL> 
Done. -- 83 msec.
SQL> 
Done. -- 42 msec.
SQL> 
Done. -- 0 msec.
SQL> OpenLink Virtuoso Interactive SQL (Virtuoso)
Version 07.20.3229 as of Feb 14 2020
Type HELP; for help and EXIT; to exit.
Connected to OpenLink Virtuoso
Driver: 07.20.3229 OpenLink Virtuoso ODBC Driver
SQL> 
Done. -- 1 msec.
SQL> 
Done. -- 21 msec.
SQL> 
Done. -- 0 msec.
SQL> 
Done. -- 41 msec.
SQL> 
Done. -- 35 msec.
SQL> 
Done. -- 0 msec.
SQL> OpenLink Virtuoso Interactive SQL (Virtuoso)
Version 07.20.3229 as of Feb 14 2020
Type HELP; for help and EXIT; to exit.
Connected to OpenLink Virtuoso
Driver: 07.20.3229 OpenLink Virtuoso ODBC Driver
SQL> 
Done. -- 0 msec.
SQL> 
Done. -- 2 msec.
SQL> 
Done. -- 0 msec.
SQL> 
Done. -- 159 msec.
SQL> 
Done. -- 45 msec.
SQL> 
Done. -- 0 msec.
SQL> OpenLink Virtuoso Interactive SQL (Virtuoso)
Version 07.20.3229 as of Feb 14 2020
Type HELP; for help and EXIT; to exit.
Connected to OpenLink Virtuoso
Driver: 07.20.3229 OpenLink Virtuoso ODBC Driver
SQL> 
Done. -- 0 msec.
SQL> 
Done. -- 42 msec.
SQL> 
Done. -- 6 msec.
SQL> 
Done. -- 21589 msec.
SQL> 
Done. -- 601 msec.
SQL> 
Done. -- 2 msec.
SQL> 